<?xml version="1.0" encoding="UTF-8"?>
<!-- Generated by org.testng.reporters.JUnitReportReporter -->
<testsuite skipped="0" hostname="erkan" name="tests.Test01" tests="2" failures="0" timestamp="2020-04-25T14:40:49 EAT" time="8.323" errors="0">
  <testcase name="test_step1" time="7.799" classname="tests.Test01"/>
  <system-out/>
  <testcase name="test_step2" time="0.524" classname="tests.Test01"/>
  <system-out/>
</testsuite> <!-- tests.Test01 -->
