<?xml version="1.0" encoding="UTF-8"?>
<!-- Generated by org.testng.reporters.JUnitReportReporter -->
<testsuite skipped="0" hostname="erkan" name="tests.Test01" tests="2" failures="0" timestamp="2020-04-25T14:18:16 EAT" time="55.867" errors="0">
  <testcase name="test_step1" time="54.952" classname="tests.Test01"/>
  <system-out/>
  <testcase name="test_step2" time="0.915" classname="tests.Test01"/>
  <system-out/>
</testsuite> <!-- tests.Test01 -->
